"R.version.3.4.3..2017.11.30."
"Platform: x86_64-apple-darwin15.6.0 (64-bit)"
"Running under: macOS Sierra 10.12.6"
"Matrix products: default"
"BLAS: /System/Library/Frameworks/Accelerate.framework/Versions/A/Frameworks/vecLib.framework/Versions/A/libBLAS.dylib"
"LAPACK: /Library/Frameworks/R.framework/Versions/3.4/Resources/lib/libRlapack.dylib"
"locale:"
"[1] en_US.UTF-8/en_US.UTF-8/en_US.UTF-8/C/en_US.UTF-8/en_US.UTF-8"
"attached base packages:"
"[1] stats     graphics  grDevices utils     datasets  methods   base     "
"other attached packages:"
"[1] bindrcpp_0.2   MSstats_3.99.5"
"loaded via a namespace (and not attached):"
" [1] Biobase_2.38.0        vsn_3.46.0            tidyr_0.7.2           splines_3.4.3        "
" [5] foreach_1.4.4         gtools_3.5.0          assertthat_0.2.0      affy_1.56.0          "
" [9] stats4_3.4.3          yaml_2.1.16           impute_1.52.0         ggrepel_0.7.0        "
"[13] lattice_0.20-35       glue_1.2.0            limma_3.34.5          doSNOW_1.0.16        "
"[17] digest_0.6.13         randomForest_4.6-12   minqa_1.2.4           colorspace_1.3-2     "
"[21] preprocessCore_1.40.0 Matrix_1.2-12         plyr_1.8.4            psych_1.7.8          "
"[25] MALDIquant_1.17       XML_3.98-1.9          pkgconfig_2.0.1       broom_0.4.3          "
"[29] zlibbioc_1.24.0       purrr_0.2.4           scales_0.5.0          snow_0.4-2           "
"[33] gdata_2.18.0          affyio_1.48.0         BiocParallel_1.12.0   lme4_1.1-15          "
"[37] tibble_1.3.4          IRanges_2.12.0        ggplot2_2.2.1         BiocGenerics_0.24.0  "
"[41] lazyeval_0.2.1        mnormt_1.5-5          survival_2.41-3       magrittr_1.5         "
"[45] doParallel_1.0.11     nlme_3.1-131          MASS_7.3-48           gplots_3.0.1         "
"[49] foreign_0.8-69        mzR_2.12.0            BiocInstaller_1.28.0  tools_3.4.3          "
"[53] data.table_1.10.4-3   doMC_1.3.5            minpack.lm_1.2-1      stringr_1.2.0        "
"[57] MSnbase_2.4.1         S4Vectors_0.16.0      munsell_0.4.3         pcaMethods_1.70.0    "
"[61] compiler_3.4.3        mzID_1.16.0           caTools_1.17.1        rlang_0.1.6          "
"[65] grid_3.4.3            nloptr_1.0.4          iterators_1.0.9       marray_1.56.0        "
"[69] bitops_1.0-6          gtable_0.2.0          codetools_0.2-15      reshape2_1.4.3       "
"[73] R6_2.2.2              dplyr_0.7.4           bindr_0.1             ProtGenerics_1.10.0  "
"[77] KernSmooth_2.23-15    stringi_1.1.6         parallel_3.4.3        Rcpp_0.12.14         "
" "
" "
"MSstats - dataProcess function"
" "
"The required input : provided - okay"
"summaryMethod : TMP"
"cutoffCensored : minFeature"
"censoredInt : 0"
"New input format : made new columns for analysis - okay"
"** There are2414 intensities which are zero. These intensities are replaced with 1."
"Logarithm transformation: log2 transformation is done - okay"
"fillIncompleteRows = TRUE"
"Balanced data format with NA for missing feature intensities - okay"
"Factorize in columns(GROUP, SUBJECT, GROUP_ORIGINAL, SUBJECT_ORIGINAL, SUBJECT_ORIGINAL_NESTED, FEATURE, RUN) - okay"
"Normalization : Constant normalization (equalize medians) - okay"
"Between Run Interference Score is not calculated."
"** Log2 intensities under cutoff = 16.246  were considered as censored missing values."
"** Use all features that the dataset origianally has."
"1 level of Isotope type labeling in this experiment"
"Summary of Features :"
"# of Protein : 3027"
"# of Peptides/Protein : 2-196"
"# of Transitions/Peptide : 1-1"
"Summary of Missingness :"
"  # transitions are completely missing in one condition: 5"
"    -> "
"KAAEEAGVTDVK_3_sum_NA, ETNPGTDVTVSSVESVLAHL_3_sum_NA, TSSNMNIEFVTR_2_sum_NA, ETYGDM[+16]ADC[+57]C[+57]EK_2_sum_NA, YDENGNPWSAYGGDFGDTPNDR_2_sum_NA"
" ..."
"  # run with 75% missing observations: 0"
"Processing data for analysis is done. - okay"
"the summarization per subplot is done.- okay : TMP"
" "
" "
"MSstats - groupComparison function"
" "
"labeled = FALSE"
"scopeOfBioReplication = expanded"
"Case control design of experiment - okay"
"Comparisons for all proteins are done.- okay"
"Adjust p-values per comparison are calculated - okay."
"Group comparison is done. - okay"
